<?xml version="1.0" encoding="UTF-8"?>
<!-- Generated by org.testng.reporters.JUnitXMLReporter -->
<testsuite ignored="2" hostname="Vikash-PC" failures="0" tests="4" name="Test" time="0.134" errors="0" timestamp="2026-02-09T14:49:09 IST">
  <testcase classname="LearningGithub.OrganizationTest" name="organizationTestWithPhoneNoTest" time="0.022"/>
  <testcase classname="LearningGithub.OrganizationTest" name="organizationTestWithShppingTest" time="0.003"/>
  <testcase classname="LearningGithub.ContactTest" name="contactTestWithPhoneTest" time="0.003"/>
  <testcase classname="LearningGithub.ContactTest" name="contactTestWithShippingTest" time="0.002"/>
  <testcase classname="LearningGithub.OrganizationTest" name="organizationTest" time="0.0">
    <ignored/>
  </testcase> <!-- organizationTest -->
  <testcase classname="LearningGithub.ContactTest" name="contactTest" time="0.0">
    <ignored/>
  </testcase> <!-- contactTest -->
</testsuite> <!-- Test -->
