<?xml version="1.0" encoding="UTF-8"?>
<!-- Generated by org.testng.reporters.JUnitReportReporter -->
<testsuite hostname="Vikash-PC" failures="0" tests="3" name="OrganizationTest" time="0.025" errors="0" timestamp="2026-02-09T13:10:28 IST" skipped="0">
  <testcase classname="OrganizationTest" name="organizationTest" time="0.019"/>
  <testcase classname="OrganizationTest" name="organizationTestWithShppingTest" time="0.003"/>
  <testcase classname="OrganizationTest" name="organizationTestWithPhoneNoTest" time="0.003"/>
</testsuite> <!-- OrganizationTest -->
