<?xml version="1.0" encoding="UTF-8"?>
<!-- Generated by org.testng.reporters.JUnitReportReporter -->
<testsuite hostname="Vikash-PC" failures="0" tests="2" name="LearningGithub.ContactTest" time="0.005" errors="0" timestamp="2026-02-09T14:49:09 IST" skipped="0">
  <testcase classname="LearningGithub.ContactTest" name="contactTestWithShippingTest" time="0.002"/>
  <testcase classname="LearningGithub.ContactTest" name="contactTestWithPhoneTest" time="0.003"/>
</testsuite> <!-- LearningGithub.ContactTest -->
