<?xml version="1.0" encoding="UTF-8"?>
<!-- Generated by org.testng.reporters.JUnitReportReporter -->
<testsuite hostname="Vikash-PC" failures="0" tests="2" name="LearningGithub.OrganizationTest" time="0.025" errors="0" timestamp="2026-02-09T14:49:09 IST" skipped="0">
  <testcase classname="LearningGithub.OrganizationTest" name="organizationTestWithShppingTest" time="0.003"/>
  <testcase classname="LearningGithub.OrganizationTest" name="organizationTestWithPhoneNoTest" time="0.022"/>
</testsuite> <!-- LearningGithub.OrganizationTest -->
